<?xml version="1.0" encoding="UTF-8"?>
<testsuite xmlns:xsi="http://www.w3.org/2001/XMLSchema-instance" xsi:noNamespaceSchemaLocation="https://maven.apache.org/surefire/maven-surefire-plugin/xsd/surefire-test-report.xsd" name="Training.AppTest" time="0.015" tests="1" errors="0" skipped="0" failures="0">
  <properties>
    <property name="java.specification.version" value="16"/>
    <property name="sun.jnu.encoding" value="UTF-8"/>
    <property name="java.class.path" value="/Users/naveensomarouthu/Desktop/Maven/maven/Demo/sub/target/test-classes:/Users/naveensomarouthu/Desktop/Maven/maven/Demo/sub/target/classes:/Users/naveensomarouthu/Desktop/Maven/maven/Demo/add/target/add-1.0-SNAPSHOT.jar:/Users/naveensomarouthu/.m2/repository/junit/junit/4.11/junit-4.11.jar:/Users/naveensomarouthu/.m2/repository/org/hamcrest/hamcrest-core/1.3/hamcrest-core-1.3.jar:"/>
    <property name="java.vm.vendor" value="Oracle Corporation"/>
    <property name="sun.arch.data.model" value="64"/>
    <property name="java.vendor.url" value="https://openjdk.java.net/"/>
    <property name="os.name" value="Mac OS X"/>
    <property name="java.vm.specification.version" value="16"/>
    <property name="sun.java.launcher" value="SUN_STANDARD"/>
    <property name="user.country" value="CA"/>
    <property name="sun.boot.library.path" value="/opt/homebrew/Cellar/openjdk/15.0.1/libexec/openjdk.jdk/Contents/Home/lib"/>
    <property name="sun.java.command" value="/Users/naveensomarouthu/Desktop/Maven/maven/Demo/sub/target/surefire/surefirebooter12737940955794351241.jar /Users/naveensomarouthu/Desktop/Maven/maven/Demo/sub/target/surefire 2021-03-03T09-22-28_241-jvmRun1 surefire10800687279635155439tmp surefire_114828457428015017210tmp"/>
    <property name="http.nonProxyHosts" value="local|*.local|169.254/16|*.169.254/16"/>
    <property name="jdk.debug" value="release"/>
    <property name="surefire.test.class.path" value="/Users/naveensomarouthu/Desktop/Maven/maven/Demo/sub/target/test-classes:/Users/naveensomarouthu/Desktop/Maven/maven/Demo/sub/target/classes:/Users/naveensomarouthu/Desktop/Maven/maven/Demo/add/target/add-1.0-SNAPSHOT.jar:/Users/naveensomarouthu/.m2/repository/junit/junit/4.11/junit-4.11.jar:/Users/naveensomarouthu/.m2/repository/org/hamcrest/hamcrest-core/1.3/hamcrest-core-1.3.jar:"/>
    <property name="sun.cpu.endian" value="little"/>
    <property name="user.home" value="/Users/naveensomarouthu"/>
    <property name="user.language" value="en"/>
    <property name="java.specification.vendor" value="Oracle Corporation"/>
    <property name="java.version.date" value="2021-03-16"/>
    <property name="java.home" value="/opt/homebrew/Cellar/openjdk/15.0.1/libexec/openjdk.jdk/Contents/Home"/>
    <property name="file.separator" value="/"/>
    <property name="basedir" value="/Users/naveensomarouthu/Desktop/Maven/maven/Demo/sub"/>
    <property name="java.vm.compressedOopsMode" value="Zero based"/>
    <property name="line.separator" value="&#10;"/>
    <property name="java.specification.name" value="Java Platform API Specification"/>
    <property name="java.vm.specification.vendor" value="Oracle Corporation"/>
    <property name="surefire.real.class.path" value="/Users/naveensomarouthu/Desktop/Maven/maven/Demo/sub/target/surefire/surefirebooter12737940955794351241.jar"/>
    <property name="sun.management.compiler" value="HotSpot 64-Bit Tiered Compilers"/>
    <property name="ftp.nonProxyHosts" value="local|*.local|169.254/16|*.169.254/16"/>
    <property name="java.runtime.version" value="16+14"/>
    <property name="user.name" value="naveensomarouthu"/>
    <property name="path.separator" value=":"/>
    <property name="os.version" value="11.2.1"/>
    <property name="java.runtime.name" value="OpenJDK Runtime Environment"/>
    <property name="file.encoding" value="UTF-8"/>
    <property name="java.vm.name" value="OpenJDK 64-Bit Server VM"/>
    <property name="localRepository" value="/Users/naveensomarouthu/.m2/repository"/>
    <property name="java.vendor.url.bug" value="https://bugreport.java.com/bugreport/"/>
    <property name="java.io.tmpdir" value="/var/folders/fw/tbkbm_6n5rbdphm44jj_lnd00000gn/T/"/>
    <property name="java.version" value="16"/>
    <property name="user.dir" value="/Users/naveensomarouthu/Desktop/Maven/maven/Demo/sub"/>
    <property name="os.arch" value="aarch64"/>
    <property name="java.vm.specification.name" value="Java Virtual Machine Specification"/>
    <property name="java.library.path" value="/Users/naveensomarouthu/Library/Java/Extensions:/Library/Java/Extensions:/Network/Library/Java/Extensions:/System/Library/Java/Extensions:/usr/lib/java:."/>
    <property name="java.vm.info" value="mixed mode"/>
    <property name="java.vendor" value="N/A"/>
    <property name="java.vm.version" value="16+14"/>
    <property name="sun.io.unicode.encoding" value="UnicodeBig"/>
    <property name="socksNonProxyHosts" value="local|*.local|169.254/16|*.169.254/16"/>
    <property name="java.class.version" value="60.0"/>
  </properties>
  <testcase name="shouldAnswerWithTrue" classname="Training.AppTest" time="0"/>
</testsuite>